Using pre-set license
Built from '2022.3/staging' branch; Version is '2022.3.47f1 (88c277b85d21) revision 8962679'; Using compiler version '192829333'; Build Type 'Release'
OS: 'Windows 11  (10.0.22631) 64bit Professional' Language: 'en' Physical Memory: 16114 MB
BatchMode: 1, IsHumanControllingUs: 0, StartBugReporterOnCrash: 0, Is64bit: 1, IsPro: 1

COMMAND LINE ARGUMENTS:
C:\Program Files\Unity\Hub\Editor\2022.3.47f1\Editor\Unity.exe
-adb2
-batchMode
-noUpm
-name
AssetImportWorker0
-projectPath
C:/Users/Sean/OneDrive/Documents/GitHub/Project/Trash Collector
-logFile
Logs/AssetImportWorker0.log
-srvPort
51532
Successfully changed project path to: C:/Users/Sean/OneDrive/Documents/GitHub/Project/Trash Collector
C:/Users/Sean/OneDrive/Documents/GitHub/Project/Trash Collector
[UnityMemory] Configuration Parameters - Can be set up in boot.config
    "memorysetup-bucket-allocator-granularity=16"
    "memorysetup-bucket-allocator-bucket-count=8"
    "memorysetup-bucket-allocator-block-size=33554432"
    "memorysetup-bucket-allocator-block-count=8"
    "memorysetup-main-allocator-block-size=16777216"
    "memorysetup-thread-allocator-block-size=16777216"
    "memorysetup-gfx-main-allocator-block-size=16777216"
    "memorysetup-gfx-thread-allocator-block-size=16777216"
    "memorysetup-cache-allocator-block-size=4194304"
    "memorysetup-typetree-allocator-block-size=2097152"
    "memorysetup-profiler-bucket-allocator-granularity=16"
    "memorysetup-profiler-bucket-allocator-bucket-count=8"
    "memorysetup-profiler-bucket-allocator-block-size=33554432"
    "memorysetup-profiler-bucket-allocator-block-count=8"
    "memorysetup-profiler-allocator-block-size=16777216"
    "memorysetup-profiler-editor-allocator-block-size=1048576"
    "memorysetup-temp-allocator-size-main=16777216"
    "memorysetup-job-temp-allocator-block-size=2097152"
    "memorysetup-job-temp-allocator-block-size-background=1048576"
    "memorysetup-job-temp-allocator-reduction-small-platforms=262144"
    "memorysetup-allocator-temp-initial-block-size-main=262144"
    "memorysetup-allocator-temp-initial-block-size-worker=262144"
    "memorysetup-temp-allocator-size-background-worker=32768"
    "memorysetup-temp-allocator-size-job-worker=262144"
    "memorysetup-temp-allocator-size-preload-manager=33554432"
    "memorysetup-temp-allocator-size-nav-mesh-worker=65536"
    "memorysetup-temp-allocator-size-audio-worker=65536"
    "memorysetup-temp-allocator-size-cloud-worker=32768"
    "memorysetup-temp-allocator-size-gi-baking-worker=262144"
    "memorysetup-temp-allocator-size-gfx=262144"
Player connection [2920]  Target information:

Player connection [2920]  * "[IP] 172.20.10.2 [Port] 0 [Flags] 2 [Guid] 4172428316 [EditorId] 4172428316 [Version] 1048832 [Id] WindowsEditor(7,DESKTOP-0527FQP) [Debug] 1 [PackageName] WindowsEditor [ProjectName] Editor" 

Player connection [2920] Host joined multi-casting on [225.0.0.222:54997]...
Player connection [2920] Host joined alternative multi-casting on [225.0.0.222:34997]...
[PhysX] Initialized MultithreadedTaskDispatcher with 12 workers.
Refreshing native plugins compatible for Editor in 17.76 ms, found 3 plugins.
Preloading 0 native plugins for Editor in 0.00 ms.
Initialize engine version: 2022.3.47f1 (88c277b85d21)
[Subsystems] Discovering subsystems at path C:/Program Files/Unity/Hub/Editor/2022.3.47f1/Editor/Data/Resources/UnitySubsystems
[Subsystems] Discovering subsystems at path C:/Users/Sean/OneDrive/Documents/GitHub/Project/Trash Collector/Assets
GfxDevice: creating device client; threaded=0; jobified=0
Direct3D:
    Version:  Direct3D 11.0 [level 11.1]
    Renderer: NVIDIA Quadro P1000 (ID=0x1cbb)
    Vendor:   NVIDIA
    VRAM:     4021 MB
    Driver:   23.21.13.9103
Initialize mono
Mono path[0] = 'C:/Program Files/Unity/Hub/Editor/2022.3.47f1/Editor/Data/Managed'
Mono path[1] = 'C:/Program Files/Unity/Hub/Editor/2022.3.47f1/Editor/Data/MonoBleedingEdge/lib/mono/unityjit-win32'
Mono config path = 'C:/Program Files/Unity/Hub/Editor/2022.3.47f1/Editor/Data/MonoBleedingEdge/etc'
Using monoOptions --debugger-agent=transport=dt_socket,embedding=1,server=y,suspend=n,address=127.0.0.1:56996
Begin MonoManager ReloadAssembly
Registering precompiled unity dll's ...
Register platform support module: C:/Program Files/Unity/Hub/Editor/2022.3.47f1/Editor/Data/PlaybackEngines/WebGLSupport/UnityEditor.WebGL.Extensions.dll
Register platform support module: C:/Program Files/Unity/Hub/Editor/2022.3.47f1/Editor/Data/PlaybackEngines/WindowsStandaloneSupport/UnityEditor.WindowsStandalone.Extensions.dll
Registered in 0.020621 seconds.
- Loaded All Assemblies, in  0.677 seconds
Native extension for WindowsStandalone target not found
Native extension for WebGL target not found
Mono: successfully reloaded assembly
- Finished resetting the current domain, in  0.490 seconds
Domain Reload Profiling: 1163ms
	BeginReloadAssembly (208ms)
		ExecutionOrderSort (0ms)
		DisableScriptedObjects (0ms)
		BackupInstance (0ms)
		ReleaseScriptingObjects (0ms)
		CreateAndSetChildDomain (1ms)
	RebuildCommonClasses (68ms)
	RebuildNativeTypeToScriptingClass (18ms)
	initialDomainReloadingComplete (117ms)
	LoadAllAssembliesAndSetupDomain (261ms)
		LoadAssemblies (203ms)
		RebuildTransferFunctionScriptingTraits (0ms)
		AnalyzeDomain (257ms)
			TypeCache.Refresh (255ms)
				TypeCache.ScanAssembly (231ms)
			ScanForSourceGeneratedMonoScriptInfo (0ms)
			ResolveRequiredComponents (1ms)
	FinalizeReload (491ms)
		ReleaseScriptCaches (0ms)
		RebuildScriptCaches (0ms)
		SetupLoadedEditorAssemblies (404ms)
			LogAssemblyErrors (0ms)
			InitializePlatformSupportModulesInManaged (22ms)
			SetLoadedEditorAssemblies (10ms)
			RefreshPlugins (0ms)
			BeforeProcessingInitializeOnLoad (3ms)
			ProcessInitializeOnLoadAttributes (280ms)
			ProcessInitializeOnLoadMethodAttributes (88ms)
			AfterProcessingInitializeOnLoad (0ms)
			EditorAssembliesLoaded (0ms)
		ExecutionOrderSort2 (0ms)
		AwakeInstancesAfterBackupRestoration (0ms)
========================================================================
Worker process is ready to serve import requests
Caller must complete domain reload
Begin MonoManager ReloadAssembly
- Loaded All Assemblies, in  0.962 seconds
Native extension for WindowsStandalone target not found
Native extension for WebGL target not found
Package Manager log level set to [2]
[Package Manager] Server::EnsureServerProcessIsRunning -- launch failed, reason: Unity was launched with the -noUpm command-line argument
[Package Manager] UpmClient::Send -- Unable to send message (not connected to UPM process).
[Package Manager] Cannot connect to Unity Package Manager local server
Mono: successfully reloaded assembly
- Finished resetting the current domain, in  1.217 seconds
Domain Reload Profiling: 2173ms
	BeginReloadAssembly (227ms)
		ExecutionOrderSort (0ms)
		DisableScriptedObjects (10ms)
		BackupInstance (0ms)
		ReleaseScriptingObjects (0ms)
		CreateAndSetChildDomain (39ms)
	RebuildCommonClasses (45ms)
	RebuildNativeTypeToScriptingClass (11ms)
	initialDomainReloadingComplete (57ms)
	LoadAllAssembliesAndSetupDomain (614ms)
		LoadAssemblies (398ms)
		RebuildTransferFunctionScriptingTraits (0ms)
		AnalyzeDomain (341ms)
			TypeCache.Refresh (297ms)
				TypeCache.ScanAssembly (276ms)
			ScanForSourceGeneratedMonoScriptInfo (32ms)
			ResolveRequiredComponents (10ms)
	FinalizeReload (1219ms)
		ReleaseScriptCaches (0ms)
		RebuildScriptCaches (0ms)
		SetupLoadedEditorAssemblies (935ms)
			LogAssemblyErrors (0ms)
			InitializePlatformSupportModulesInManaged (15ms)
			SetLoadedEditorAssemblies (9ms)
			RefreshPlugins (0ms)
			BeforeProcessingInitializeOnLoad (128ms)
			ProcessInitializeOnLoadAttributes (728ms)
			ProcessInitializeOnLoadMethodAttributes (37ms)
			AfterProcessingInitializeOnLoad (18ms)
			EditorAssembliesLoaded (0ms)
		ExecutionOrderSort2 (0ms)
		AwakeInstancesAfterBackupRestoration (14ms)
Launched and connected shader compiler UnityShaderCompiler.exe after 0.07 seconds
Refreshing native plugins compatible for Editor in 9.75 ms, found 3 plugins.
Preloading 0 native plugins for Editor in 0.00 ms.
Unloading 3089 Unused Serialized files (Serialized files now loaded: 0)
Unloading 19 unused Assets / (54.9 KB). Loaded Objects now: 3559.
Memory consumption went from 118.8 MB to 118.7 MB.
Total: 6.325500 ms (FindLiveObjects: 0.591200 ms CreateObjectMapping: 0.321300 ms MarkObjects: 4.990800 ms  DeleteObjects: 0.417800 ms)

AssetImportParameters requested are different than current active one (requested -> active):
  custom:container-demuxer-ogg: 62fdf1f143b41e24485cea50d1cbac27 -> 
  custom:video-codec-MediaFoundation-h265: 746d11721c4dcdbdad8f713fa42b33f4 -> 
  custom:video-decoder-ogg-theora: a1e56fd34408186e4bbccfd4996cb3dc -> 
  custom:framework-win-MediaFoundation: 216162199b28c13a410421893ffa2e32 -> 
  custom:CustomObjectIndexerAttribute: 9a22284fe3817be447336de3de66b15e -> 
  custom:container-demuxer-webm: 4f35f7cbe854078d1ac9338744f61a02 -> 
  custom:container-muxer-webm: aa71ff27fc2769a1b78a27578f13a17b -> 
  custom:video-decoder-webm-vp8: 9c59270c3fd7afecdb556c50c9e8de78 -> 
  custom:SearchIndexIgnoredProperties: e643bd26f0fe6173181afceb89e7c659 -> 
  custom:AudioImporter_EditorPlatform: d09bf68614088b80899f8185d706f6e7 -> 
  custom:video-encoder-webm-vp8: eb34c28f22e8b96e1ab97ce403110664 -> 
  custom:audio-decoder-ogg-vorbis: bf7c407c2cedff20999df2af8eb42d56 -> 
  custom:audio-encoder-webm-vorbis: bf7c407c2cedff20999df2af8eb42d56 -> 
========================================================================
Received Import Request.
  Time since last request: 151304.371193 seconds.
  path: Assets/GAG Low Poly Tree Pack 1/3D objects/Pond.fbx
  artifactKey: Guid(87c16e8391e5dd74cb50de3a0df46584) Importer(815301076,1909f56bfc062723c751e8b465ee728b)
Start importing Assets/GAG Low Poly Tree Pack 1/3D objects/Pond.fbx using Guid(87c16e8391e5dd74cb50de3a0df46584) Importer(815301076,1909f56bfc062723c751e8b465ee728b) [PhysX] Initialized MultithreadedTaskDispatcher with 12 workers.
[PhysX] Initialized MultithreadedTaskDispatcher with 12 workers.
[PhysX] Initialized MultithreadedTaskDispatcher with 12 workers.
 -> (artifact id: '253995631ef9a8b7262bacd1c28bff42') in 0.214737 seconds
Number of updated asset objects reloaded before import = 0
Number of asset objects unloaded after import = 10
========================================================================
Received Import Request.
  Time since last request: 22.982672 seconds.
  path: Assets/GAG Low Poly Tree Pack 1/3D objects/Tree Pack 1
  artifactKey: Guid(6534191b4f8885b4d86aeae423cee744) Importer(815301076,1909f56bfc062723c751e8b465ee728b)
Start importing Assets/GAG Low Poly Tree Pack 1/3D objects/Tree Pack 1 using Guid(6534191b4f8885b4d86aeae423cee744) Importer(815301076,1909f56bfc062723c751e8b465ee728b) [PhysX] Initialized MultithreadedTaskDispatcher with 12 workers.
 -> (artifact id: 'd5e4f04d0888668ae4afb72b9d62c845') in 0.000686 seconds
Number of updated asset objects reloaded before import = 0
Number of asset objects unloaded after import = 0
========================================================================
Received Import Request.
  Time since last request: 0.190982 seconds.
  path: Assets/GAG Low Poly Tree Pack 1/3D objects/Tree Pack 1/Tree1.1.fbx
  artifactKey: Guid(52f44326f2a5d104b892b6c334847c44) Importer(815301076,1909f56bfc062723c751e8b465ee728b)
Start importing Assets/GAG Low Poly Tree Pack 1/3D objects/Tree Pack 1/Tree1.1.fbx using Guid(52f44326f2a5d104b892b6c334847c44) Importer(815301076,1909f56bfc062723c751e8b465ee728b) [PhysX] Initialized MultithreadedTaskDispatcher with 12 workers.
[PhysX] Initialized MultithreadedTaskDispatcher with 12 workers.
[PhysX] Initialized MultithreadedTaskDispatcher with 12 workers.
 -> (artifact id: '25380ff3bc58773ff0d57870f8928485') in 0.028628 seconds
Number of updated asset objects reloaded before import = 0
Number of asset objects unloaded after import = 8
========================================================================
Received Import Request.
  Time since last request: 0.000035 seconds.
  path: Assets/GAG Low Poly Tree Pack 1/3D objects/Tree Pack 1/Tree1.6.fbx
  artifactKey: Guid(7e19ce054cfaeca408706b850f5c6bb9) Importer(815301076,1909f56bfc062723c751e8b465ee728b)
Start importing Assets/GAG Low Poly Tree Pack 1/3D objects/Tree Pack 1/Tree1.6.fbx using Guid(7e19ce054cfaeca408706b850f5c6bb9) Importer(815301076,1909f56bfc062723c751e8b465ee728b) [PhysX] Initialized MultithreadedTaskDispatcher with 12 workers.
[PhysX] Initialized MultithreadedTaskDispatcher with 12 workers.
[PhysX] Initialized MultithreadedTaskDispatcher with 12 workers.
 -> (artifact id: '63cacba621d1305a3e07645b4e341c02') in 0.037130 seconds
Number of updated asset objects reloaded before import = 0
Number of asset objects unloaded after import = 10
========================================================================
Received Import Request.
  Time since last request: 0.000052 seconds.
  path: Assets/GAG Low Poly Tree Pack 1/3D objects/Tree Pack 1/Tree1.5.fbx
  artifactKey: Guid(21eaffe9fd5dcbb468a4c5c655bb498c) Importer(815301076,1909f56bfc062723c751e8b465ee728b)
Start importing Assets/GAG Low Poly Tree Pack 1/3D objects/Tree Pack 1/Tree1.5.fbx using Guid(21eaffe9fd5dcbb468a4c5c655bb498c) Importer(815301076,1909f56bfc062723c751e8b465ee728b) [PhysX] Initialized MultithreadedTaskDispatcher with 12 workers.
[PhysX] Initialized MultithreadedTaskDispatcher with 12 workers.
[PhysX] Initialized MultithreadedTaskDispatcher with 12 workers.
 -> (artifact id: 'd267e0ffa70b4ff0754f546a426c65b3') in 0.038310 seconds
Number of updated asset objects reloaded before import = 0
Number of asset objects unloaded after import = 10
========================================================================
Received Import Request.
  Time since last request: 0.000045 seconds.
  path: Assets/GAG Low Poly Tree Pack 1/3D objects/Tree Pack 1/Tree1.3.fbx
  artifactKey: Guid(df2df57b9dd46424aa0340d50f3ca74e) Importer(815301076,1909f56bfc062723c751e8b465ee728b)
Start importing Assets/GAG Low Poly Tree Pack 1/3D objects/Tree Pack 1/Tree1.3.fbx using Guid(df2df57b9dd46424aa0340d50f3ca74e) Importer(815301076,1909f56bfc062723c751e8b465ee728b) [PhysX] Initialized MultithreadedTaskDispatcher with 12 workers.
[PhysX] Initialized MultithreadedTaskDispatcher with 12 workers.
[PhysX] Initialized MultithreadedTaskDispatcher with 12 workers.
 -> (artifact id: '0c47e517d39738644c67d7075a797a55') in 0.033800 seconds
Number of updated asset objects reloaded before import = 0
Number of asset objects unloaded after import = 10
========================================================================
Received Import Request.
  Time since last request: 10.179980 seconds.
  path: Assets/GAG Low Poly Tree Pack 1/Built In/Materials/Pond/Brown3Mat.mat
  artifactKey: Guid(614fe083239229a4b8cde42c1284709f) Importer(815301076,1909f56bfc062723c751e8b465ee728b)
Start importing Assets/GAG Low Poly Tree Pack 1/Built In/Materials/Pond/Brown3Mat.mat using Guid(614fe083239229a4b8cde42c1284709f) Importer(815301076,1909f56bfc062723c751e8b465ee728b) [PhysX] Initialized MultithreadedTaskDispatcher with 12 workers.
[PhysX] Initialized MultithreadedTaskDispatcher with 12 workers.
 -> (artifact id: '1f7240af3969f6a40b91b6d990550195') in 0.057096 seconds
Number of updated asset objects reloaded before import = 0
Number of asset objects unloaded after import = 1
========================================================================
Received Import Request.
  Time since last request: 4.513632 seconds.
  path: Assets/GAG Low Poly Tree Pack 1/Built In/Materials/Tree1.2/Green1Mat.mat
  artifactKey: Guid(5ea5e02174b24394caf33c466dec0c27) Importer(815301076,1909f56bfc062723c751e8b465ee728b)
Start importing Assets/GAG Low Poly Tree Pack 1/Built In/Materials/Tree1.2/Green1Mat.mat using Guid(5ea5e02174b24394caf33c466dec0c27) Importer(815301076,1909f56bfc062723c751e8b465ee728b) [PhysX] Initialized MultithreadedTaskDispatcher with 12 workers.
[PhysX] Initialized MultithreadedTaskDispatcher with 12 workers.
 -> (artifact id: 'b1796e78b3b4c1d1efe00f927a6ee3e6') in 0.020610 seconds
Number of updated asset objects reloaded before import = 0
Number of asset objects unloaded after import = 1
========================================================================
Received Import Request.
  Time since last request: 0.631074 seconds.
  path: Assets/GAG Low Poly Tree Pack 1/Built In/Materials/Tree1.3/Green1Mat.mat
  artifactKey: Guid(472cef541a655394390d27008e6a240c) Importer(815301076,1909f56bfc062723c751e8b465ee728b)
Start importing Assets/GAG Low Poly Tree Pack 1/Built In/Materials/Tree1.3/Green1Mat.mat using Guid(472cef541a655394390d27008e6a240c) Importer(815301076,1909f56bfc062723c751e8b465ee728b) [PhysX] Initialized MultithreadedTaskDispatcher with 12 workers.
[PhysX] Initialized MultithreadedTaskDispatcher with 12 workers.
 -> (artifact id: '184ce935360b30ab842d9fbb82a999ab') in 0.020511 seconds
Number of updated asset objects reloaded before import = 0
Number of asset objects unloaded after import = 1
========================================================================
Received Import Request.
  Time since last request: 0.529847 seconds.
  path: Assets/GAG Low Poly Tree Pack 1/Built In/Materials/Tree1.4/Green2Mat.mat
  artifactKey: Guid(9e4fabcf3d045df41b7a9bfe67cf6386) Importer(815301076,1909f56bfc062723c751e8b465ee728b)
Start importing Assets/GAG Low Poly Tree Pack 1/Built In/Materials/Tree1.4/Green2Mat.mat using Guid(9e4fabcf3d045df41b7a9bfe67cf6386) Importer(815301076,1909f56bfc062723c751e8b465ee728b) [PhysX] Initialized MultithreadedTaskDispatcher with 12 workers.
[PhysX] Initialized MultithreadedTaskDispatcher with 12 workers.
 -> (artifact id: '482f251b680896ca8a38353a622b38df') in 0.018759 seconds
Number of updated asset objects reloaded before import = 0
Number of asset objects unloaded after import = 1
========================================================================
Received Import Request.
  Time since last request: 0.481744 seconds.
  path: Assets/GAG Low Poly Tree Pack 1/Built In/Materials/Tree1.5/Green2Mat.mat
  artifactKey: Guid(d2f26cdca6cb6a14888bf7f6519c9bfd) Importer(815301076,1909f56bfc062723c751e8b465ee728b)
Start importing Assets/GAG Low Poly Tree Pack 1/Built In/Materials/Tree1.5/Green2Mat.mat using Guid(d2f26cdca6cb6a14888bf7f6519c9bfd) Importer(815301076,1909f56bfc062723c751e8b465ee728b) [PhysX] Initialized MultithreadedTaskDispatcher with 12 workers.
[PhysX] Initialized MultithreadedTaskDispatcher with 12 workers.
 -> (artifact id: '1fedab9394aa3a2fa7d30e8709214539') in 0.018588 seconds
Number of updated asset objects reloaded before import = 0
Number of asset objects unloaded after import = 1
========================================================================
Received Import Request.
  Time since last request: 0.415330 seconds.
  path: Assets/GAG Low Poly Tree Pack 1/Built In/Materials/Tree1.6/Orange1Mat.mat
  artifactKey: Guid(cfdfd8d25ad25d445823eaf871f8d27a) Importer(815301076,1909f56bfc062723c751e8b465ee728b)
Start importing Assets/GAG Low Poly Tree Pack 1/Built In/Materials/Tree1.6/Orange1Mat.mat using Guid(cfdfd8d25ad25d445823eaf871f8d27a) Importer(815301076,1909f56bfc062723c751e8b465ee728b) [PhysX] Initialized MultithreadedTaskDispatcher with 12 workers.
[PhysX] Initialized MultithreadedTaskDispatcher with 12 workers.
 -> (artifact id: 'dea8881e721957496c6201b3e6302c3f') in 0.020536 seconds
Number of updated asset objects reloaded before import = 0
Number of asset objects unloaded after import = 1
========================================================================
Received Import Request.
  Time since last request: 0.337518 seconds.
  path: Assets/GAG Low Poly Tree Pack 1/Built In/Materials/Tree1.7/Orange1Mat.mat
  artifactKey: Guid(86cf8826eeb1e5b4f985b7b1eb051bf9) Importer(815301076,1909f56bfc062723c751e8b465ee728b)
Start importing Assets/GAG Low Poly Tree Pack 1/Built In/Materials/Tree1.7/Orange1Mat.mat using Guid(86cf8826eeb1e5b4f985b7b1eb051bf9) Importer(815301076,1909f56bfc062723c751e8b465ee728b) [PhysX] Initialized MultithreadedTaskDispatcher with 12 workers.
[PhysX] Initialized MultithreadedTaskDispatcher with 12 workers.
 -> (artifact id: '3d363141200e2b0c806bcc08bad3e09c') in 0.022604 seconds
Number of updated asset objects reloaded before import = 0
Number of asset objects unloaded after import = 1
========================================================================
Received Import Request.
  Time since last request: 3.061251 seconds.
  path: Assets/GAG Low Poly Tree Pack 1/Built In/Prefabs/Pond.prefab
  artifactKey: Guid(44ec0297f98fbc44f9707ba466902313) Importer(815301076,1909f56bfc062723c751e8b465ee728b)
Start importing Assets/GAG Low Poly Tree Pack 1/Built In/Prefabs/Pond.prefab using Guid(44ec0297f98fbc44f9707ba466902313) Importer(815301076,1909f56bfc062723c751e8b465ee728b) [PhysX] Initialized MultithreadedTaskDispatcher with 12 workers.
[PhysX] Initialized MultithreadedTaskDispatcher with 12 workers.
 -> (artifact id: 'd74e719ab74910261db2e5ef0e6c8763') in 0.024510 seconds
Number of updated asset objects reloaded before import = 0
Number of asset objects unloaded after import = 20
========================================================================
Received Import Request.
  Time since last request: 0.000036 seconds.
  path: Assets/GAG Low Poly Tree Pack 1/Built In/Prefabs/Tree1.4.prefab
  artifactKey: Guid(27ef19b9b80a32242a52f54c67ca80f1) Importer(815301076,1909f56bfc062723c751e8b465ee728b)
Start importing Assets/GAG Low Poly Tree Pack 1/Built In/Prefabs/Tree1.4.prefab using Guid(27ef19b9b80a32242a52f54c67ca80f1) Importer(815301076,1909f56bfc062723c751e8b465ee728b) [PhysX] Initialized MultithreadedTaskDispatcher with 12 workers.
[PhysX] Initialized MultithreadedTaskDispatcher with 12 workers.
 -> (artifact id: 'b80799aee54b7de50883768b7d865899') in 0.025091 seconds
Number of updated asset objects reloaded before import = 0
Number of asset objects unloaded after import = 20
========================================================================
Received Import Request.
  Time since last request: 0.000188 seconds.
  path: Assets/GAG Low Poly Tree Pack 1/Built In/Prefabs/Tree1.2.prefab
  artifactKey: Guid(bb47426c3e5b56c468e6a6c2342a697f) Importer(815301076,1909f56bfc062723c751e8b465ee728b)
Start importing Assets/GAG Low Poly Tree Pack 1/Built In/Prefabs/Tree1.2.prefab using Guid(bb47426c3e5b56c468e6a6c2342a697f) Importer(815301076,1909f56bfc062723c751e8b465ee728b) [PhysX] Initialized MultithreadedTaskDispatcher with 12 workers.
[PhysX] Initialized MultithreadedTaskDispatcher with 12 workers.
 -> (artifact id: '5fd34880554bc6e67e2b7c50026804e6') in 0.027739 seconds
Number of updated asset objects reloaded before import = 0
Number of asset objects unloaded after import = 18
========================================================================
Received Import Request.
  Time since last request: 164.012274 seconds.
  path: Assets/GAG Low Poly Tree Pack 1/Built In/Materials/Ground/Material.003.mat
  artifactKey: Guid(374e4e24ddd5f41439183285c360fa78) Importer(815301076,1909f56bfc062723c751e8b465ee728b)
Start importing Assets/GAG Low Poly Tree Pack 1/Built In/Materials/Ground/Material.003.mat using Guid(374e4e24ddd5f41439183285c360fa78) Importer(815301076,1909f56bfc062723c751e8b465ee728b) [PhysX] Initialized MultithreadedTaskDispatcher with 12 workers.
[PhysX] Initialized MultithreadedTaskDispatcher with 12 workers.
 -> (artifact id: '0bdb88231201ecb406c5c39a496d100e') in 0.022598 seconds
Number of updated asset objects reloaded before import = 0
Number of asset objects unloaded after import = 1
========================================================================
Received Import Request.
  Time since last request: 106.211990 seconds.
  path: Assets/Modern Building Set/Buildings/Building_3/Materials/Build_3_Red.mat
  artifactKey: Guid(401b231fd09dd4344b77c53632f80db5) Importer(815301076,1909f56bfc062723c751e8b465ee728b)
Start importing Assets/Modern Building Set/Buildings/Building_3/Materials/Build_3_Red.mat using Guid(401b231fd09dd4344b77c53632f80db5) Importer(815301076,1909f56bfc062723c751e8b465ee728b) [PhysX] Initialized MultithreadedTaskDispatcher with 12 workers.
[PhysX] Initialized MultithreadedTaskDispatcher with 12 workers.
 -> (artifact id: '1d08e6fc8139ed9f799514e3ddcd29b6') in 0.023023 seconds
Number of updated asset objects reloaded before import = 0
Number of asset objects unloaded after import = 1
========================================================================
Received Import Request.
  Time since last request: 0.000028 seconds.
  path: Assets/Modern Building Set/Buildings/Building_3/Materials/Build_3_White.mat
  artifactKey: Guid(ee47aa66903b8554695160c7d444f27a) Importer(815301076,1909f56bfc062723c751e8b465ee728b)
Start importing Assets/Modern Building Set/Buildings/Building_3/Materials/Build_3_White.mat using Guid(ee47aa66903b8554695160c7d444f27a) Importer(815301076,1909f56bfc062723c751e8b465ee728b) [PhysX] Initialized MultithreadedTaskDispatcher with 12 workers.
[PhysX] Initialized MultithreadedTaskDispatcher with 12 workers.
 -> (artifact id: '99ec050fafcb68060b8d712d009bd555') in 0.016940 seconds
Number of updated asset objects reloaded before import = 0
Number of asset objects unloaded after import = 1
========================================================================
Received Import Request.
  Time since last request: 338.678856 seconds.
  path: Assets/Tree_Textures/normal_specular.png
  artifactKey: Guid(c033a5362c9e2514d941159a3ef3b0c4) Importer(815301076,1909f56bfc062723c751e8b465ee728b)
Start importing Assets/Tree_Textures/normal_specular.png using Guid(c033a5362c9e2514d941159a3ef3b0c4) Importer(815301076,1909f56bfc062723c751e8b465ee728b) [PhysX] Initialized MultithreadedTaskDispatcher with 12 workers.
[PhysX] Initialized MultithreadedTaskDispatcher with 12 workers.
 -> (artifact id: '619129a7b5b28fc0e924075a359e57e8') in 0.039567 seconds
Number of updated asset objects reloaded before import = 0
Number of asset objects unloaded after import = 2
========================================================================
Received Import Request.
  Time since last request: 0.000083 seconds.
  path: Assets/Tree_Textures/shadow.png
  artifactKey: Guid(027c7f1614fe34e48b0b8ccb75197ac0) Importer(815301076,1909f56bfc062723c751e8b465ee728b)
Start importing Assets/Tree_Textures/shadow.png using Guid(027c7f1614fe34e48b0b8ccb75197ac0) Importer(815301076,1909f56bfc062723c751e8b465ee728b) [PhysX] Initialized MultithreadedTaskDispatcher with 12 workers.
[PhysX] Initialized MultithreadedTaskDispatcher with 12 workers.
 -> (artifact id: '543d2702b3a3fe354f4b1a1e101a0b53') in 0.020523 seconds
Number of updated asset objects reloaded before import = 0
Number of asset objects unloaded after import = 2
========================================================================
Received Import Request.
  Time since last request: 607.600487 seconds.
  path: Assets/Modern Building Set/Prefabs/Building_2.prefab
  artifactKey: Guid(492d160ace58683468247a0e1a7f2864) Importer(815301076,1909f56bfc062723c751e8b465ee728b)
Start importing Assets/Modern Building Set/Prefabs/Building_2.prefab using Guid(492d160ace58683468247a0e1a7f2864) Importer(815301076,1909f56bfc062723c751e8b465ee728b) [PhysX] Initialized MultithreadedTaskDispatcher with 12 workers.
[PhysX] Initialized MultithreadedTaskDispatcher with 12 workers.
 -> (artifact id: '727562228fe4f5bd12b2ea5becb83c70') in 0.026251 seconds
Number of updated asset objects reloaded before import = 0
Number of asset objects unloaded after import = 17
========================================================================
Received Import Request.
  Time since last request: 0.000047 seconds.
  path: Assets/Modern Building Set/Prefabs/Building_4.prefab
  artifactKey: Guid(64b9b59b3d388c64bbf4b89a2c6007e4) Importer(815301076,1909f56bfc062723c751e8b465ee728b)
Start importing Assets/Modern Building Set/Prefabs/Building_4.prefab using Guid(64b9b59b3d388c64bbf4b89a2c6007e4) Importer(815301076,1909f56bfc062723c751e8b465ee728b) [PhysX] Initialized MultithreadedTaskDispatcher with 12 workers.
[PhysX] Initialized MultithreadedTaskDispatcher with 12 workers.
 -> (artifact id: 'af0979d24df658c76d7c73f753522d5e') in 0.024509 seconds
Number of updated asset objects reloaded before import = 0
Number of asset objects unloaded after import = 17
========================================================================
Received Import Request.
  Time since last request: 1.854478 seconds.
  path: Assets/GAG Low Poly Tree Pack 1/URP/Prefabs/Ground.prefab
  artifactKey: Guid(927d2e862d5934e4fa6c973aa01ede71) Importer(815301076,1909f56bfc062723c751e8b465ee728b)
Start importing Assets/GAG Low Poly Tree Pack 1/URP/Prefabs/Ground.prefab using Guid(927d2e862d5934e4fa6c973aa01ede71) Importer(815301076,1909f56bfc062723c751e8b465ee728b) [PhysX] Initialized MultithreadedTaskDispatcher with 12 workers.
[PhysX] Initialized MultithreadedTaskDispatcher with 12 workers.
 -> (artifact id: '85c10079937731eef4389bab41ec11b6') in 0.025944 seconds
Number of updated asset objects reloaded before import = 0
Number of asset objects unloaded after import = 17
========================================================================
Received Import Request.
  Time since last request: 0.130066 seconds.
  path: Assets/GAG Low Poly Tree Pack 1/URP/Prefabs/Pond.prefab
  artifactKey: Guid(bfb6f50dc961e4043a133039904d6589) Importer(815301076,1909f56bfc062723c751e8b465ee728b)
Start importing Assets/GAG Low Poly Tree Pack 1/URP/Prefabs/Pond.prefab using Guid(bfb6f50dc961e4043a133039904d6589) Importer(815301076,1909f56bfc062723c751e8b465ee728b) [PhysX] Initialized MultithreadedTaskDispatcher with 12 workers.
[PhysX] Initialized MultithreadedTaskDispatcher with 12 workers.
 -> (artifact id: '8ebe9193b63560272aafbeed2ce7d2c0') in 0.018737 seconds
Number of updated asset objects reloaded before import = 0
Number of asset objects unloaded after import = 17
========================================================================
Received Import Request.
  Time since last request: 0.442715 seconds.
  path: Assets/GAG Low Poly Tree Pack 1/HDRP/Prefabs/Tree1.1.prefab
  artifactKey: Guid(aba409375d32c7b488a985a08bc78ed4) Importer(815301076,1909f56bfc062723c751e8b465ee728b)
Start importing Assets/GAG Low Poly Tree Pack 1/HDRP/Prefabs/Tree1.1.prefab using Guid(aba409375d32c7b488a985a08bc78ed4) Importer(815301076,1909f56bfc062723c751e8b465ee728b) [PhysX] Initialized MultithreadedTaskDispatcher with 12 workers.
[PhysX] Initialized MultithreadedTaskDispatcher with 12 workers.
 -> (artifact id: '751a49ac3a7521b20cc7a47973ed09c8') in 0.021449 seconds
Number of updated asset objects reloaded before import = 0
Number of asset objects unloaded after import = 16
========================================================================
Received Import Request.
  Time since last request: 1.234110 seconds.
  path: Assets/GAG Low Poly Tree Pack 1/URP/Prefabs/Tree1.6.prefab
  artifactKey: Guid(77c1adb889d35794482158787cc9b2de) Importer(815301076,1909f56bfc062723c751e8b465ee728b)
Start importing Assets/GAG Low Poly Tree Pack 1/URP/Prefabs/Tree1.6.prefab using Guid(77c1adb889d35794482158787cc9b2de) Importer(815301076,1909f56bfc062723c751e8b465ee728b) [PhysX] Initialized MultithreadedTaskDispatcher with 12 workers.
[PhysX] Initialized MultithreadedTaskDispatcher with 12 workers.
 -> (artifact id: '94ebffc3272b27a60b4876d246f59caa') in 0.022704 seconds
Number of updated asset objects reloaded before import = 0
Number of asset objects unloaded after import = 17
========================================================================
Received Import Request.
  Time since last request: 0.118056 seconds.
  path: Assets/GAG Low Poly Tree Pack 1/HDRP/Prefabs/Tree1.7.prefab
  artifactKey: Guid(1cff37caaf6eac24fb008582fb3d6412) Importer(815301076,1909f56bfc062723c751e8b465ee728b)
Start importing Assets/GAG Low Poly Tree Pack 1/HDRP/Prefabs/Tree1.7.prefab using Guid(1cff37caaf6eac24fb008582fb3d6412) Importer(815301076,1909f56bfc062723c751e8b465ee728b) [PhysX] Initialized MultithreadedTaskDispatcher with 12 workers.
[PhysX] Initialized MultithreadedTaskDispatcher with 12 workers.
 -> (artifact id: '995f3ed967bc0f0cab8d777dc3507e51') in 0.024840 seconds
Number of updated asset objects reloaded before import = 0
Number of asset objects unloaded after import = 18
========================================================================
Received Import Request.
  Time since last request: 60.653228 seconds.
  path: Assets/Modern Building Set/Buildings/Building_5/Materials/Build_5_Blue2.mat
  artifactKey: Guid(239fd2f34b8024347b452cdfc91f17a4) Importer(815301076,1909f56bfc062723c751e8b465ee728b)
Start importing Assets/Modern Building Set/Buildings/Building_5/Materials/Build_5_Blue2.mat using Guid(239fd2f34b8024347b452cdfc91f17a4) Importer(815301076,1909f56bfc062723c751e8b465ee728b) [PhysX] Initialized MultithreadedTaskDispatcher with 12 workers.
[PhysX] Initialized MultithreadedTaskDispatcher with 12 workers.
 -> (artifact id: '47a8f6ac13b5473c7099eeb5f4c14016') in 0.017413 seconds
Number of updated asset objects reloaded before import = 0
Number of asset objects unloaded after import = 1
========================================================================
Received Import Request.
  Time since last request: 0.000020 seconds.
  path: Assets/Modern Building Set/Buildings/Building_5/Materials/Build_5_White.mat
  artifactKey: Guid(2a8ad07d8134d1845aae88a96cac5eea) Importer(815301076,1909f56bfc062723c751e8b465ee728b)
Start importing Assets/Modern Building Set/Buildings/Building_5/Materials/Build_5_White.mat using Guid(2a8ad07d8134d1845aae88a96cac5eea) Importer(815301076,1909f56bfc062723c751e8b465ee728b) [PhysX] Initialized MultithreadedTaskDispatcher with 12 workers.
[PhysX] Initialized MultithreadedTaskDispatcher with 12 workers.
 -> (artifact id: '3d2c659510d1b3366c3aa83a9272fee4') in 0.017335 seconds
Number of updated asset objects reloaded before import = 0
Number of asset objects unloaded after import = 1
========================================================================
Received Prepare
Caller must complete domain reload
Begin MonoManager ReloadAssembly
- Loaded All Assemblies, in  2.881 seconds
Native extension for WindowsStandalone target not found
Native extension for WebGL target not found
[Package Manager] Server::EnsureServerProcessIsRunning -- launch failed, reason: Unity was launched with the -noUpm command-line argument
[Package Manager] UpmClient::Send -- Unable to send message (not connected to UPM process).
[Package Manager] Cannot connect to Unity Package Manager local server
Mono: successfully reloaded assembly
- Finished resetting the current domain, in 12.219 seconds
Domain Reload Profiling: 15096ms
	BeginReloadAssembly (253ms)
		ExecutionOrderSort (0ms)
		DisableScriptedObjects (5ms)
		BackupInstance (0ms)
		ReleaseScriptingObjects (0ms)
		CreateAndSetChildDomain (71ms)
	RebuildCommonClasses (41ms)
	RebuildNativeTypeToScriptingClass (14ms)
	initialDomainReloadingComplete (42ms)
	LoadAllAssembliesAndSetupDomain (2526ms)
		LoadAssemblies (2626ms)
		RebuildTransferFunctionScriptingTraits (0ms)
		AnalyzeDomain (30ms)
			TypeCache.Refresh (11ms)
				TypeCache.ScanAssembly (0ms)
			ScanForSourceGeneratedMonoScriptInfo (9ms)
			ResolveRequiredComponents (6ms)
	FinalizeReload (12220ms)
		ReleaseScriptCaches (0ms)
		RebuildScriptCaches (0ms)
		SetupLoadedEditorAssemblies (770ms)
			LogAssemblyErrors (0ms)
			InitializePlatformSupportModulesInManaged (15ms)
			SetLoadedEditorAssemblies (9ms)
			RefreshPlugins (0ms)
			BeforeProcessingInitializeOnLoad (106ms)
			ProcessInitializeOnLoadAttributes (585ms)
			ProcessInitializeOnLoadMethodAttributes (40ms)
			AfterProcessingInitializeOnLoad (14ms)
			EditorAssembliesLoaded (0ms)
		ExecutionOrderSort2 (0ms)
		AwakeInstancesAfterBackupRestoration (11ms)
Refreshing native plugins compatible for Editor in 7.37 ms, found 3 plugins.
Preloading 0 native plugins for Editor in 0.00 ms.
Unloading 3083 Unused Serialized files (Serialized files now loaded: 0)
Unloading 14 unused Assets / (28.5 KB). Loaded Objects now: 3611.
Memory consumption went from 122.7 MB to 122.6 MB.
Total: 5.565100 ms (FindLiveObjects: 0.347800 ms CreateObjectMapping: 0.309400 ms MarkObjects: 4.801800 ms  DeleteObjects: 0.104500 ms)

Prepare: number of updated asset objects reloaded= 0
AssetImportParameters requested are different than current active one (requested -> active):
  custom:scripting/monoscript/fileName/playercontroller.cs: e67ef2d934e2a4c95808f4d3846fb3c4 -> 
  custom:container-demuxer-ogg: 62fdf1f143b41e24485cea50d1cbac27 -> 
  custom:video-codec-MediaFoundation-h265: 746d11721c4dcdbdad8f713fa42b33f4 -> 
  custom:video-decoder-ogg-theora: a1e56fd34408186e4bbccfd4996cb3dc -> 
  custom:framework-win-MediaFoundation: 216162199b28c13a410421893ffa2e32 -> 
  custom:CustomObjectIndexerAttribute: 9a22284fe3817be447336de3de66b15e -> 
  custom:container-demuxer-webm: 4f35f7cbe854078d1ac9338744f61a02 -> 
  custom:scripting/monoscript/fileName/CameraFollow.cs: de990732cc429467f8f49571d0872163 -> 
  custom:container-muxer-webm: aa71ff27fc2769a1b78a27578f13a17b -> 
  custom:video-decoder-webm-vp8: 9c59270c3fd7afecdb556c50c9e8de78 -> 
  custom:SearchIndexIgnoredProperties: e643bd26f0fe6173181afceb89e7c659 -> 
  custom:AudioImporter_EditorPlatform: d09bf68614088b80899f8185d706f6e7 -> 
  custom:video-encoder-webm-vp8: eb34c28f22e8b96e1ab97ce403110664 -> 
  custom:audio-decoder-ogg-vorbis: bf7c407c2cedff20999df2af8eb42d56 -> 
  custom:audio-encoder-webm-vorbis: bf7c407c2cedff20999df2af8eb42d56 -> 
  custom:scripting/precompiled-assembly-types:Assembly-CSharp: eba951f9ed06113774cb553a2ad955da -> 
========================================================================
Received Import Request.
  Time since last request: 2237.389867 seconds.
  path: Assets/Garbage_Truck/Material/garbage_truck_no_damage.mat
  artifactKey: Guid(572e7c0c23da1bd48ada136c4bcd5983) Importer(815301076,1909f56bfc062723c751e8b465ee728b)
Start importing Assets/Garbage_Truck/Material/garbage_truck_no_damage.mat using Guid(572e7c0c23da1bd48ada136c4bcd5983) Importer(815301076,1909f56bfc062723c751e8b465ee728b) [PhysX] Initialized MultithreadedTaskDispatcher with 12 workers.
[PhysX] Initialized MultithreadedTaskDispatcher with 12 workers.
 -> (artifact id: '783bdaab9176a1b683bcc3eb18607ca2') in 0.645460 seconds
Number of updated asset objects reloaded before import = 0
Number of asset objects unloaded after import = 5
========================================================================
Received Import Request.
  Time since last request: 0.000036 seconds.
  path: Assets/Garbage_Truck/Prefab/Garbage_truck_no_damage.prefab
  artifactKey: Guid(647508f49176aa744a9c5eda586a3b09) Importer(815301076,1909f56bfc062723c751e8b465ee728b)
Start importing Assets/Garbage_Truck/Prefab/Garbage_truck_no_damage.prefab using Guid(647508f49176aa744a9c5eda586a3b09) Importer(815301076,1909f56bfc062723c751e8b465ee728b) [PhysX] Initialized MultithreadedTaskDispatcher with 12 workers.
[PhysX] Initialized MultithreadedTaskDispatcher with 12 workers.
 -> (artifact id: 'e5feae491cf6003b8536ad26f37c58f5') in 0.474486 seconds
Number of updated asset objects reloaded before import = 0
Number of asset objects unloaded after import = 231
========================================================================
Received Import Request.
  Time since last request: 0.000058 seconds.
  path: Assets/Garbage_Truck/Material/garbage_truck_damage.mat
  artifactKey: Guid(3295c69d116fd6a4199654e7a09ed1dd) Importer(815301076,1909f56bfc062723c751e8b465ee728b)
Start importing Assets/Garbage_Truck/Material/garbage_truck_damage.mat using Guid(3295c69d116fd6a4199654e7a09ed1dd) Importer(815301076,1909f56bfc062723c751e8b465ee728b) [PhysX] Initialized MultithreadedTaskDispatcher with 12 workers.
[PhysX] Initialized MultithreadedTaskDispatcher with 12 workers.
 -> (artifact id: '5ac50428a55a79a739111318545d3c5a') in 0.119902 seconds
Number of updated asset objects reloaded before import = 0
Number of asset objects unloaded after import = 5
========================================================================
Received Import Request.
  Time since last request: 0.000030 seconds.
  path: Assets/Garbage_Truck/Prefab/Garbage_truck_damage.prefab
  artifactKey: Guid(e0fb53045970605449ad0e73433b16ae) Importer(815301076,1909f56bfc062723c751e8b465ee728b)
Start importing Assets/Garbage_Truck/Prefab/Garbage_truck_damage.prefab using Guid(e0fb53045970605449ad0e73433b16ae) Importer(815301076,1909f56bfc062723c751e8b465ee728b) [PhysX] Initialized MultithreadedTaskDispatcher with 12 workers.
[PhysX] Initialized MultithreadedTaskDispatcher with 12 workers.
 -> (artifact id: '0de21ebe761fabaa81ebd9bf28215e78') in 0.146661 seconds
Number of updated asset objects reloaded before import = 0
Number of asset objects unloaded after import = 236
========================================================================
Received Import Request.
  Time since last request: 0.000041 seconds.
  path: Assets/Garbage_Truck/Textures/garbage_truck_AO.tga
  artifactKey: Guid(a1a10ee4830938b4a94ee1d7046776a3) Importer(815301076,1909f56bfc062723c751e8b465ee728b)
Start importing Assets/Garbage_Truck/Textures/garbage_truck_AO.tga using Guid(a1a10ee4830938b4a94ee1d7046776a3) Importer(815301076,1909f56bfc062723c751e8b465ee728b) [PhysX] Initialized MultithreadedTaskDispatcher with 12 workers.
[PhysX] Initialized MultithreadedTaskDispatcher with 12 workers.
 -> (artifact id: 'a22b430387446f1b3c32cb3f6622cadf') in 0.041629 seconds
Number of updated asset objects reloaded before import = 0
Number of asset objects unloaded after import = 2
========================================================================
Received Prepare
Caller must complete domain reload
Begin MonoManager ReloadAssembly
- Loaded All Assemblies, in  0.574 seconds
Native extension for WindowsStandalone target not found
Native extension for WebGL target not found
[Package Manager] Server::EnsureServerProcessIsRunning -- launch failed, reason: Unity was launched with the -noUpm command-line argument
[Package Manager] UpmClient::Send -- Unable to send message (not connected to UPM process).
[Package Manager] Cannot connect to Unity Package Manager local server
Mono: successfully reloaded assembly
- Finished resetting the current domain, in  1.757 seconds
Domain Reload Profiling: 2327ms
	BeginReloadAssembly (197ms)
		ExecutionOrderSort (0ms)
		DisableScriptedObjects (5ms)
		BackupInstance (0ms)
		ReleaseScriptingObjects (0ms)
		CreateAndSetChildDomain (39ms)
	RebuildCommonClasses (35ms)
	RebuildNativeTypeToScriptingClass (12ms)
	initialDomainReloadingComplete (36ms)
	LoadAllAssembliesAndSetupDomain (288ms)
		LoadAssemblies (391ms)
		RebuildTransferFunctionScriptingTraits (0ms)
		AnalyzeDomain (13ms)
			TypeCache.Refresh (6ms)
				TypeCache.ScanAssembly (0ms)
			ScanForSourceGeneratedMonoScriptInfo (0ms)
			ResolveRequiredComponents (6ms)
	FinalizeReload (1758ms)
		ReleaseScriptCaches (0ms)
		RebuildScriptCaches (0ms)
		SetupLoadedEditorAssemblies (831ms)
			LogAssemblyErrors (0ms)
			InitializePlatformSupportModulesInManaged (13ms)
			SetLoadedEditorAssemblies (8ms)
			RefreshPlugins (0ms)
			BeforeProcessingInitializeOnLoad (116ms)
			ProcessInitializeOnLoadAttributes (640ms)
			ProcessInitializeOnLoadMethodAttributes (38ms)
			AfterProcessingInitializeOnLoad (16ms)
			EditorAssembliesLoaded (0ms)
		ExecutionOrderSort2 (0ms)
		AwakeInstancesAfterBackupRestoration (12ms)
Refreshing native plugins compatible for Editor in 8.17 ms, found 3 plugins.
Preloading 0 native plugins for Editor in 0.00 ms.
Unloading 3083 Unused Serialized files (Serialized files now loaded: 0)
Unloading 14 unused Assets / (28.5 KB). Loaded Objects now: 3615.
Memory consumption went from 122.7 MB to 122.7 MB.
Total: 4.910000 ms (FindLiveObjects: 0.334400 ms CreateObjectMapping: 0.345500 ms MarkObjects: 4.131800 ms  DeleteObjects: 0.097000 ms)

Prepare: number of updated asset objects reloaded= 0
AssetImportParameters requested are different than current active one (requested -> active):
  custom:scripting/monoscript/fileName/playercontroller.cs: e67ef2d934e2a4c95808f4d3846fb3c4 -> 
  custom:container-demuxer-ogg: 62fdf1f143b41e24485cea50d1cbac27 -> 
  custom:video-codec-MediaFoundation-h265: 746d11721c4dcdbdad8f713fa42b33f4 -> 
  custom:video-decoder-ogg-theora: a1e56fd34408186e4bbccfd4996cb3dc -> 
  custom:framework-win-MediaFoundation: 216162199b28c13a410421893ffa2e32 -> 
  custom:CustomObjectIndexerAttribute: 9a22284fe3817be447336de3de66b15e -> 
  custom:container-demuxer-webm: 4f35f7cbe854078d1ac9338744f61a02 -> 
  custom:scripting/monoscript/fileName/CameraFollow.cs: de990732cc429467f8f49571d0872163 -> 
  custom:container-muxer-webm: aa71ff27fc2769a1b78a27578f13a17b -> 
  custom:video-decoder-webm-vp8: 9c59270c3fd7afecdb556c50c9e8de78 -> 
  custom:SearchIndexIgnoredProperties: e643bd26f0fe6173181afceb89e7c659 -> 
  custom:AudioImporter_EditorPlatform: d09bf68614088b80899f8185d706f6e7 -> 
  custom:video-encoder-webm-vp8: eb34c28f22e8b96e1ab97ce403110664 -> 
  custom:audio-decoder-ogg-vorbis: bf7c407c2cedff20999df2af8eb42d56 -> 
  custom:audio-encoder-webm-vorbis: bf7c407c2cedff20999df2af8eb42d56 -> 
  custom:scripting/precompiled-assembly-types:Assembly-CSharp: eba951f9ed06113774cb553a2ad955da -> 
========================================================================
Received Import Request.
  Time since last request: 454.824401 seconds.
  path: Assets/Garbage_Truck/Textures/garbage_truck_damage/garbage_truck_glass.png
  artifactKey: Guid(7482ec0d220a0d44fa554c35d4c2cc43) Importer(815301076,1909f56bfc062723c751e8b465ee728b)
Start importing Assets/Garbage_Truck/Textures/garbage_truck_damage/garbage_truck_glass.png using Guid(7482ec0d220a0d44fa554c35d4c2cc43) Importer(815301076,1909f56bfc062723c751e8b465ee728b) [PhysX] Initialized MultithreadedTaskDispatcher with 12 workers.
[PhysX] Initialized MultithreadedTaskDispatcher with 12 workers.
 -> (artifact id: '7e588c88b17d51533d36d7f45d8b56f2') in 0.123591 seconds
Number of updated asset objects reloaded before import = 0
Number of asset objects unloaded after import = 2
========================================================================
Received Import Request.
  Time since last request: 0.000034 seconds.
  path: Assets/Garbage_Truck/Textures/garbage_truck_damage/garbage_truck_normal.png
  artifactKey: Guid(481a53611632aa9419ac1b86192ffe23) Importer(815301076,1909f56bfc062723c751e8b465ee728b)
Start importing Assets/Garbage_Truck/Textures/garbage_truck_damage/garbage_truck_normal.png using Guid(481a53611632aa9419ac1b86192ffe23) Importer(815301076,1909f56bfc062723c751e8b465ee728b) [PhysX] Initialized MultithreadedTaskDispatcher with 12 workers.
[PhysX] Initialized MultithreadedTaskDispatcher with 12 workers.
 -> (artifact id: '0db40f571fdf6bb8805ae4ab0b36f1da') in 0.070078 seconds
Number of updated asset objects reloaded before import = 0
Number of asset objects unloaded after import = 2
Editor requested this worker to shutdown with reason: Scaling down because of idle timeout
TcpMessagingSession - receive error: operation aborted. errorcode: 995, details: The I/O operation has been aborted because of either a thread exit or an application request.
AssetImportWorker is now disconnected from the server
Process exiting
Exiting without the bug reporter. Application will terminate with return code 0